This is XeTeX, Version 3.141592653-2.6-0.999994 (TeX Live 2022) (preloaded format=xelatex 2022.4.12)  22 JAN 2023 10:42
entering extended mode
 restricted \write18 enabled.
 %&-line parsing enabled.
**template.tex
(./template.tex
LaTeX2e <2021-11-15> patch level 1
L3 programming layer <2022-04-10>

! LaTeX Error: File `juliacon.cls' not found.

Type X to quit or <RETURN> to proceed,
or enter new name. (Default extension: cls)

Enter file name: 
! Emergency stop.
<read *> 
         
l.3 \begin
          {document}^^M 
Here is how much of TeX's memory you used:
 22 strings out of 476156
 393 string characters out of 5809220
 298780 words of memory out of 5000000
 20897 multiletter control sequences out of 15000+600000
 469259 words of font info for 28 fonts, out of 8000000 for 9000
 1348 hyphenation exceptions out of 8191
 19i,0n,29p,75b,17s stack positions out of 10000i,1000n,20000p,200000b,200000s

No pages of output.
